<?xml version="1.0" encoding="utf-8"?><testsuites name="pytest tests"><testsuite name="pytest" errors="0" failures="0" skipped="0" tests="18" time="1.651" timestamp="2026-05-01T12:11:23.445611+05:30" hostname="DESKTOP-9LGS6A2"><testcase classname="tests.test_health" name="test_health" time="0.021" /><testcase classname="tests.test_rating" name="test_rating_green_when_all_pass_and_confidence_high" time="0.000" /><testcase classname="tests.test_rating" name="test_rating_yellow_on_low_confidence" time="0.001" /><testcase classname="tests.test_rating" name="test_rating_red_on_attribute_fail" time="0.000" /><testcase classname="tests.test_rating" name="test_rating_red_on_citation_flag" time="0.000" /><testcase classname="tests.test_validation_engine" name="test_product_match" time="0.001" /><testcase classname="tests.test_validation_engine" name="test_product_mismatch" time="0.001" /><testcase classname="tests.test_validation_engine" name="test_citation_symmetric" time="0.001" /><testcase classname="tests.test_validation_engine" name="test_citation_only_on_cert" time="0.000" /><testcase classname="tests.test_validation_engine" name="test_manufacturer_presence" time="0.000" /><testcase classname="tests.test_validation_engine" name="test_record_keeper_cert_required" time="0.000" /><testcase classname="tests.test_validation_engine" name="test_place_manufacture_match" time="0.001" /><testcase classname="tests.test_validation_engine" name="test_date_manufacture_optional_both_empty" time="0.001" /><testcase classname="tests.test_validation_engine" name="test_date_manufacture_mismatch_when_partial" time="0.001" /><testcase classname="tests.test_validation_engine" name="test_third_party_lab_cpc_requires_match" time="0.001" /><testcase classname="tests.test_validation_engine" name="test_citation_presence_accepts_dict_shape" time="0.001" /><testcase classname="tests.test_validation_engine" name="test_manufacturer_presence_accepts_alias_keys_and_string" time="0.001" /><testcase classname="tests.test_validation_engine" name="test_place_testing_accepts_address_alias" time="0.001" /></testsuite></testsuites>